[0.005s] Invoking command in '/colcon_ws/build/multi_cam_publisher': CMAKE_PREFIX_PATH=/opt/ros/humble /usr/bin/cmake /colcon_ws/src/multi_cam_publisher -DCMAKE_INSTALL_PREFIX=/colcon_ws/install/multi_cam_publisher
[0.037s] -- The C compiler identification is GNU 11.4.0
[0.068s] -- The CXX compiler identification is GNU 11.4.0
[0.072s] -- Detecting C compiler ABI info
[0.132s] -- Detecting C compiler ABI info - done
[0.138s] -- Check for working C compiler: /usr/bin/cc - skipped
[0.138s] -- Detecting C compile features
[0.139s] -- Detecting C compile features - done
[0.142s] -- Detecting CXX compiler ABI info
[0.187s] -- Detecting CXX compiler ABI info - done
[0.192s] -- Check for working CXX compiler: /usr/bin/c++ - skipped
[0.192s] -- Detecting CXX compile features
[0.193s] -- Detecting CXX compile features - done
[0.194s] -- Found ament_cmake: 1.3.14 (/opt/ros/humble/share/ament_cmake/cmake)
[0.267s] -- Found Python3: /usr/bin/python3 (found version "3.10.12") found components: Interpreter 
[0.316s] -- Found rclcpp: 16.0.19 (/opt/ros/humble/share/rclcpp/cmake)
[0.338s] -- Found rosidl_generator_c: 3.1.8 (/opt/ros/humble/share/rosidl_generator_c/cmake)
[0.341s] -- Found rosidl_adapter: 3.1.8 (/opt/ros/humble/share/rosidl_adapter/cmake)
[0.346s] -- Found rosidl_generator_cpp: 3.1.8 (/opt/ros/humble/share/rosidl_generator_cpp/cmake)
[0.353s] -- Using all available rosidl_typesupport_c: rosidl_typesupport_fastrtps_c;rosidl_typesupport_introspection_c
[0.362s] -- Using all available rosidl_typesupport_cpp: rosidl_typesupport_fastrtps_cpp;rosidl_typesupport_introspection_cpp
[0.387s] -- Found rmw_implementation_cmake: 6.1.2 (/opt/ros/humble/share/rmw_implementation_cmake/cmake)
[0.389s] -- Found rmw_cyclonedds_cpp: 1.3.4 (/opt/ros/humble/share/rmw_cyclonedds_cpp/cmake)
[0.401s] -- Using RMW implementation 'rmw_cyclonedds_cpp' as default
[0.406s] -- Looking for pthread.h
[0.460s] -- Looking for pthread.h - found
[0.460s] -- Performing Test CMAKE_HAVE_LIBC_PTHREAD
[0.502s] -- Performing Test CMAKE_HAVE_LIBC_PTHREAD - Success
[0.503s] -- Found Threads: TRUE  
[0.536s] -- Found sensor_msgs: 4.9.1 (/opt/ros/humble/share/sensor_msgs/cmake)
[0.556s] -- Found cv_bridge: 3.2.1 (/opt/ros/humble/share/cv_bridge/cmake)
[0.562s] -- Found image_transport: 3.1.12 (/opt/ros/humble/share/image_transport/cmake)
[0.581s] -- Found OpenCV: /usr (found version "4.5.4") 
[0.618s] -- Configuring done
[0.626s] -- Generating done
[0.629s] -- Build files have been written to: /colcon_ws/build/multi_cam_publisher
[0.633s] Invoked command in '/colcon_ws/build/multi_cam_publisher' returned '0': CMAKE_PREFIX_PATH=/opt/ros/humble /usr/bin/cmake /colcon_ws/src/multi_cam_publisher -DCMAKE_INSTALL_PREFIX=/colcon_ws/install/multi_cam_publisher
[0.634s] Invoking command in '/colcon_ws/build/multi_cam_publisher': CMAKE_PREFIX_PATH=/opt/ros/humble /usr/bin/cmake --build /colcon_ws/build/multi_cam_publisher -- -j28 -l28
[0.654s] [35m[1mConsolidate compiler generated dependencies of target multi_cam_publisher_node[0m
[0.667s] [ 33%] [32mBuilding CXX object CMakeFiles/multi_cam_publisher_node.dir/src/multi_cam_node.cpp.o[0m
[3.271s] [ 66%] [32m[1mLinking CXX executable multi_cam_publisher_node[0m
[3.483s] [100%] Built target multi_cam_publisher_node
[3.488s] Invoked command in '/colcon_ws/build/multi_cam_publisher' returned '0': CMAKE_PREFIX_PATH=/opt/ros/humble /usr/bin/cmake --build /colcon_ws/build/multi_cam_publisher -- -j28 -l28
[3.492s] Invoking command in '/colcon_ws/build/multi_cam_publisher': CMAKE_PREFIX_PATH=/opt/ros/humble /usr/bin/cmake --install /colcon_ws/build/multi_cam_publisher
[3.495s] -- Install configuration: ""
[3.495s] -- Installing: /colcon_ws/install/multi_cam_publisher/lib/multi_cam_publisher/multi_cam_publisher_node
[3.496s] -- Set runtime path of "/colcon_ws/install/multi_cam_publisher/lib/multi_cam_publisher/multi_cam_publisher_node" to ""
[3.496s] -- Up-to-date: /colcon_ws/install/multi_cam_publisher/share/ament_index/resource_index/package_run_dependencies/multi_cam_publisher
[3.496s] -- Up-to-date: /colcon_ws/install/multi_cam_publisher/share/ament_index/resource_index/parent_prefix_path/multi_cam_publisher
[3.496s] -- Up-to-date: /colcon_ws/install/multi_cam_publisher/share/multi_cam_publisher/environment/ament_prefix_path.sh
[3.496s] -- Installing: /colcon_ws/install/multi_cam_publisher/share/multi_cam_publisher/environment/ament_prefix_path.dsv
[3.500s] -- Up-to-date: /colcon_ws/install/multi_cam_publisher/share/multi_cam_publisher/environment/path.sh
[3.500s] -- Installing: /colcon_ws/install/multi_cam_publisher/share/multi_cam_publisher/environment/path.dsv
[3.501s] -- Up-to-date: /colcon_ws/install/multi_cam_publisher/share/multi_cam_publisher/local_setup.bash
[3.501s] -- Up-to-date: /colcon_ws/install/multi_cam_publisher/share/multi_cam_publisher/local_setup.sh
[3.501s] -- Up-to-date: /colcon_ws/install/multi_cam_publisher/share/multi_cam_publisher/local_setup.zsh
[3.501s] -- Installing: /colcon_ws/install/multi_cam_publisher/share/multi_cam_publisher/local_setup.dsv
[3.502s] -- Installing: /colcon_ws/install/multi_cam_publisher/share/multi_cam_publisher/package.dsv
[3.502s] -- Up-to-date: /colcon_ws/install/multi_cam_publisher/share/ament_index/resource_index/packages/multi_cam_publisher
[3.503s] -- Up-to-date: /colcon_ws/install/multi_cam_publisher/share/multi_cam_publisher/cmake/multi_cam_publisherConfig.cmake
[3.503s] -- Up-to-date: /colcon_ws/install/multi_cam_publisher/share/multi_cam_publisher/cmake/multi_cam_publisherConfig-version.cmake
[3.503s] -- Up-to-date: /colcon_ws/install/multi_cam_publisher/share/multi_cam_publisher/package.xml
[3.504s] Invoked command in '/colcon_ws/build/multi_cam_publisher' returned '0': CMAKE_PREFIX_PATH=/opt/ros/humble /usr/bin/cmake --install /colcon_ws/build/multi_cam_publisher
