-- Found ament_cmake: 1.3.14 (/opt/ros/humble/share/ament_cmake/cmake)
-- Found rclcpp: 16.0.19 (/opt/ros/humble/share/rclcpp/cmake)
-- Found rosidl_generator_c: 3.1.8 (/opt/ros/humble/share/rosidl_generator_c/cmake)
-- Found rosidl_adapter: 3.1.8 (/opt/ros/humble/share/rosidl_adapter/cmake)
-- Found rosidl_generator_cpp: 3.1.8 (/opt/ros/humble/share/rosidl_generator_cpp/cmake)
-- Using all available rosidl_typesupport_c: rosidl_typesupport_fastrtps_c;rosidl_typesupport_introspection_c
-- Using all available rosidl_typesupport_cpp: rosidl_typesupport_fastrtps_cpp;rosidl_typesupport_introspection_cpp
-- Found rmw_implementation_cmake: 6.1.2 (/opt/ros/humble/share/rmw_implementation_cmake/cmake)
-- Found rmw_cyclonedds_cpp: 1.3.4 (/opt/ros/humble/share/rmw_cyclonedds_cpp/cmake)
-- Using RMW implementation 'rmw_cyclonedds_cpp' as default
-- Found sensor_msgs: 4.9.1 (/opt/ros/humble/share/sensor_msgs/cmake)
-- Found cv_bridge: 3.2.1 (/opt/ros/humble/share/cv_bridge/cmake)
-- Found image_transport: 3.1.12 (/opt/ros/humble/share/image_transport/cmake)
-- Configuring done
-- Generating done
-- Build files have been written to: /colcon_ws/build/multi_cam_publisher
[ 33%] [32mBuilding CXX object CMakeFiles/multi_cam_publisher_node.dir/src/multi_cam_node.cpp.o[0m
[ 66%] [32mBuilding CXX object CMakeFiles/multi_cam_publisher_node.dir/src/camera_v4l2.cpp.o[0m
[01m[K/colcon_ws/src/multi_cam_publisher/src/camera_v4l2.cpp:1:10:[m[K [01;31m[Kfatal error: [m[Kmulti_cam_publisher/camera_v4l2.hpp: No such file or directory
    1 | #include [01;31m[K"multi_cam_publisher/camera_v4l2.hpp"[m[K
      |          [01;31m[K^~~~~~~~~~~~~~~~~~~[m[K
[01m[K/colcon_ws/src/multi_cam_publisher/src/multi_cam_node.cpp:1:10:[m[K [01;31m[Kfatal error: [m[Kmulti_cam_publisher/camera_v4l2.hpp: No such file or directory
    1 | #include [01;31m[K"multi_cam_publisher/camera_v4l2.hpp"[m[K
      |          [01;31m[K^~~~~~~~~~~~~~~~~~~[m[K
compilation terminated.
compilation terminated.
gmake[2]: *** [CMakeFiles/multi_cam_publisher_node.dir/build.make:76: CMakeFiles/multi_cam_publisher_node.dir/src/multi_cam_node.cpp.o] Error 1
gmake[2]: *** Waiting for unfinished jobs....
gmake[2]: *** [CMakeFiles/multi_cam_publisher_node.dir/build.make:90: CMakeFiles/multi_cam_publisher_node.dir/src/camera_v4l2.cpp.o] Error 1
gmake[1]: *** [CMakeFiles/Makefile2:137: CMakeFiles/multi_cam_publisher_node.dir/all] Error 2
gmake: *** [Makefile:146: all] Error 2
