[0.005s] Invoking command in '/colcon_ws/build/multi_cam_publisher': CMAKE_PREFIX_PATH=/opt/ros/humble /usr/bin/cmake /colcon_ws/src/multi_cam_publisher -DCMAKE_INSTALL_PREFIX=/colcon_ws/install/multi_cam_publisher
[0.012s] -- Found ament_cmake: 1.3.14 (/opt/ros/humble/share/ament_cmake/cmake)
[0.087s] -- Found rclcpp: 16.0.19 (/opt/ros/humble/share/rclcpp/cmake)
[0.102s] -- Found rosidl_generator_c: 3.1.8 (/opt/ros/humble/share/rosidl_generator_c/cmake)
[0.103s] -- Found rosidl_adapter: 3.1.8 (/opt/ros/humble/share/rosidl_adapter/cmake)
[0.107s] -- Found rosidl_generator_cpp: 3.1.8 (/opt/ros/humble/share/rosidl_generator_cpp/cmake)
[0.113s] -- Using all available rosidl_typesupport_c: rosidl_typesupport_fastrtps_c;rosidl_typesupport_introspection_c
[0.120s] -- Using all available rosidl_typesupport_cpp: rosidl_typesupport_fastrtps_cpp;rosidl_typesupport_introspection_cpp
[0.140s] -- Found rmw_implementation_cmake: 6.1.2 (/opt/ros/humble/share/rmw_implementation_cmake/cmake)
[0.141s] -- Found rmw_cyclonedds_cpp: 1.3.4 (/opt/ros/humble/share/rmw_cyclonedds_cpp/cmake)
[0.152s] -- Using RMW implementation 'rmw_cyclonedds_cpp' as default
[0.182s] -- Found sensor_msgs: 4.9.1 (/opt/ros/humble/share/sensor_msgs/cmake)
[0.200s] -- Found cv_bridge: 3.2.1 (/opt/ros/humble/share/cv_bridge/cmake)
[0.205s] -- Found image_transport: 3.1.12 (/opt/ros/humble/share/image_transport/cmake)
[0.257s] -- Configuring done
[0.266s] -- Generating done
[0.269s] -- Build files have been written to: /colcon_ws/build/multi_cam_publisher
[0.272s] Invoked command in '/colcon_ws/build/multi_cam_publisher' returned '0': CMAKE_PREFIX_PATH=/opt/ros/humble /usr/bin/cmake /colcon_ws/src/multi_cam_publisher -DCMAKE_INSTALL_PREFIX=/colcon_ws/install/multi_cam_publisher
[0.273s] Invoking command in '/colcon_ws/build/multi_cam_publisher': CMAKE_PREFIX_PATH=/opt/ros/humble /usr/bin/cmake --build /colcon_ws/build/multi_cam_publisher -- -j28 -l28
[0.296s] [ 33%] [32mBuilding CXX object CMakeFiles/multi_cam_publisher_node.dir/src/multi_cam_node.cpp.o[0m
[0.296s] [ 66%] [32mBuilding CXX object CMakeFiles/multi_cam_publisher_node.dir/src/camera_v4l2.cpp.o[0m
[0.301s] [01m[K/colcon_ws/src/multi_cam_publisher/src/camera_v4l2.cpp:1:10:[m[K [01;31m[Kfatal error: [m[Kmulti_cam_publisher/camera_v4l2.hpp: No such file or directory
[0.302s]     1 | #include [01;31m[K"multi_cam_publisher/camera_v4l2.hpp"[m[K
[0.302s]       |          [01;31m[K^~~~~~~~~~~~~~~~~~~~~~~~~~~~~~~~~~~~~[m[K
[0.302s] [01m[K/colcon_ws/src/multi_cam_publisher/src/multi_cam_node.cpp:1:10:[m[K [01;31m[Kfatal error: [m[Kmulti_cam_publisher/camera_v4l2.hpp: No such file or directory
[0.302s]     1 | #include [01;31m[K"multi_cam_publisher/camera_v4l2.hpp"[m[K
[0.302s]       |          [01;31m[K^~~~~~~~~~~~~~~~~~~~~~~~~~~~~~~~~~~~~[m[K
[0.302s] compilation terminated.
[0.302s] compilation terminated.
[0.304s] gmake[2]: *** [CMakeFiles/multi_cam_publisher_node.dir/build.make:76: CMakeFiles/multi_cam_publisher_node.dir/src/multi_cam_node.cpp.o] Error 1
[0.305s] gmake[2]: *** Waiting for unfinished jobs....
[0.305s] gmake[2]: *** [CMakeFiles/multi_cam_publisher_node.dir/build.make:90: CMakeFiles/multi_cam_publisher_node.dir/src/camera_v4l2.cpp.o] Error 1
[0.305s] gmake[1]: *** [CMakeFiles/Makefile2:137: CMakeFiles/multi_cam_publisher_node.dir/all] Error 2
[0.305s] gmake: *** [Makefile:146: all] Error 2
[0.306s] Invoked command in '/colcon_ws/build/multi_cam_publisher' returned '2': CMAKE_PREFIX_PATH=/opt/ros/humble /usr/bin/cmake --build /colcon_ws/build/multi_cam_publisher -- -j28 -l28
