[0.005s] Invoking command in '/colcon_ws/build/multi_cam_publisher': CMAKE_PREFIX_PATH=${CMAKE_PREFIX_PATH}:/opt/ros/humble /usr/bin/cmake /colcon_ws/src/multi_cam_publisher -DCMAKE_INSTALL_PREFIX=/colcon_ws/install/multi_cam_publisher
[0.034s] -- The C compiler identification is GNU 11.4.0
[0.065s] -- The CXX compiler identification is GNU 11.4.0
[0.069s] -- Detecting C compiler ABI info
[0.105s] -- Detecting C compiler ABI info - done
[0.110s] -- Check for working C compiler: /usr/bin/cc - skipped
[0.110s] -- Detecting C compile features
[0.111s] -- Detecting C compile features - done
[0.113s] -- Detecting CXX compiler ABI info
[0.156s] -- Detecting CXX compiler ABI info - done
[0.166s] -- Check for working CXX compiler: /usr/bin/c++ - skipped
[0.166s] -- Detecting CXX compile features
[0.167s] -- Detecting CXX compile features - done
[0.169s] -- Found ament_cmake: 1.3.14 (/opt/ros/humble/share/ament_cmake/cmake)
[0.255s] -- Found Python3: /usr/bin/python3 (found version "3.10.12") found components: Interpreter 
[0.311s] -- Found rclcpp: 16.0.19 (/opt/ros/humble/share/rclcpp/cmake)
[0.333s] -- Found rosidl_generator_c: 3.1.8 (/opt/ros/humble/share/rosidl_generator_c/cmake)
[0.335s] -- Found rosidl_adapter: 3.1.8 (/opt/ros/humble/share/rosidl_adapter/cmake)
[0.340s] -- Found rosidl_generator_cpp: 3.1.8 (/opt/ros/humble/share/rosidl_generator_cpp/cmake)
[0.347s] -- Using all available rosidl_typesupport_c: rosidl_typesupport_fastrtps_c;rosidl_typesupport_introspection_c
[0.356s] -- Using all available rosidl_typesupport_cpp: rosidl_typesupport_fastrtps_cpp;rosidl_typesupport_introspection_cpp
[0.381s] -- Found rmw_implementation_cmake: 6.1.2 (/opt/ros/humble/share/rmw_implementation_cmake/cmake)
[0.382s] -- Found rmw_cyclonedds_cpp: 1.3.4 (/opt/ros/humble/share/rmw_cyclonedds_cpp/cmake)
[0.395s] -- Using RMW implementation 'rmw_cyclonedds_cpp' as default
[0.399s] -- Looking for pthread.h
[0.441s] -- Looking for pthread.h - found
[0.441s] -- Performing Test CMAKE_HAVE_LIBC_PTHREAD
[0.486s] -- Performing Test CMAKE_HAVE_LIBC_PTHREAD - Success
[0.487s] -- Found Threads: TRUE  
[0.523s] -- Found sensor_msgs: 4.9.1 (/opt/ros/humble/share/sensor_msgs/cmake)
[0.542s] -- Found cv_bridge: 3.2.1 (/opt/ros/humble/share/cv_bridge/cmake)
[0.549s] -- Found image_transport: 3.1.12 (/opt/ros/humble/share/image_transport/cmake)
[0.567s] -- Found OpenCV: /usr (found version "4.5.4") 
[0.604s] -- Configuring done
[0.612s] -- Generating done
[0.615s] -- Build files have been written to: /colcon_ws/build/multi_cam_publisher
[0.619s] Invoked command in '/colcon_ws/build/multi_cam_publisher' returned '0': CMAKE_PREFIX_PATH=${CMAKE_PREFIX_PATH}:/opt/ros/humble /usr/bin/cmake /colcon_ws/src/multi_cam_publisher -DCMAKE_INSTALL_PREFIX=/colcon_ws/install/multi_cam_publisher
[0.620s] Invoking command in '/colcon_ws/build/multi_cam_publisher': CMAKE_PREFIX_PATH=${CMAKE_PREFIX_PATH}:/opt/ros/humble /usr/bin/cmake --build /colcon_ws/build/multi_cam_publisher -- -j28 -l28
[0.640s] [35m[1mConsolidate compiler generated dependencies of target multi_cam_publisher_node[0m
[0.652s] [ 33%] [32mBuilding CXX object CMakeFiles/multi_cam_publisher_node.dir/src/multi_cam_node.cpp.o[0m
[3.207s] [ 66%] [32m[1mLinking CXX executable multi_cam_publisher_node[0m
[3.418s] [100%] Built target multi_cam_publisher_node
[3.423s] Invoked command in '/colcon_ws/build/multi_cam_publisher' returned '0': CMAKE_PREFIX_PATH=${CMAKE_PREFIX_PATH}:/opt/ros/humble /usr/bin/cmake --build /colcon_ws/build/multi_cam_publisher -- -j28 -l28
[3.427s] Invoking command in '/colcon_ws/build/multi_cam_publisher': CMAKE_PREFIX_PATH=${CMAKE_PREFIX_PATH}:/opt/ros/humble /usr/bin/cmake --install /colcon_ws/build/multi_cam_publisher
[3.431s] -- Install configuration: ""
[3.431s] -- Installing: /colcon_ws/install/multi_cam_publisher/lib/multi_cam_publisher/multi_cam_publisher_node
[3.431s] -- Set runtime path of "/colcon_ws/install/multi_cam_publisher/lib/multi_cam_publisher/multi_cam_publisher_node" to ""
[3.431s] -- Up-to-date: /colcon_ws/install/multi_cam_publisher/share/ament_index/resource_index/package_run_dependencies/multi_cam_publisher
[3.431s] -- Up-to-date: /colcon_ws/install/multi_cam_publisher/share/ament_index/resource_index/parent_prefix_path/multi_cam_publisher
[3.432s] -- Up-to-date: /colcon_ws/install/multi_cam_publisher/share/multi_cam_publisher/environment/ament_prefix_path.sh
[3.432s] -- Installing: /colcon_ws/install/multi_cam_publisher/share/multi_cam_publisher/environment/ament_prefix_path.dsv
[3.433s] -- Up-to-date: /colcon_ws/install/multi_cam_publisher/share/multi_cam_publisher/environment/path.sh
[3.433s] -- Installing: /colcon_ws/install/multi_cam_publisher/share/multi_cam_publisher/environment/path.dsv
[3.434s] -- Up-to-date: /colcon_ws/install/multi_cam_publisher/share/multi_cam_publisher/local_setup.bash
[3.434s] -- Up-to-date: /colcon_ws/install/multi_cam_publisher/share/multi_cam_publisher/local_setup.sh
[3.434s] -- Up-to-date: /colcon_ws/install/multi_cam_publisher/share/multi_cam_publisher/local_setup.zsh
[3.434s] -- Installing: /colcon_ws/install/multi_cam_publisher/share/multi_cam_publisher/local_setup.dsv
[3.435s] -- Installing: /colcon_ws/install/multi_cam_publisher/share/multi_cam_publisher/package.dsv
[3.435s] -- Up-to-date: /colcon_ws/install/multi_cam_publisher/share/ament_index/resource_index/packages/multi_cam_publisher
[3.435s] -- Up-to-date: /colcon_ws/install/multi_cam_publisher/share/multi_cam_publisher/cmake/multi_cam_publisherConfig.cmake
[3.435s] -- Up-to-date: /colcon_ws/install/multi_cam_publisher/share/multi_cam_publisher/cmake/multi_cam_publisherConfig-version.cmake
[3.435s] -- Up-to-date: /colcon_ws/install/multi_cam_publisher/share/multi_cam_publisher/package.xml
[3.436s] Invoked command in '/colcon_ws/build/multi_cam_publisher' returned '0': CMAKE_PREFIX_PATH=${CMAKE_PREFIX_PATH}:/opt/ros/humble /usr/bin/cmake --install /colcon_ws/build/multi_cam_publisher
