[0.006s] Invoking command in '/colcon_ws/build/multi_cam_publisher': CMAKE_PREFIX_PATH=/opt/ros/humble /usr/bin/cmake /colcon_ws/src/multi_cam_publisher -DCMAKE_INSTALL_PREFIX=/colcon_ws/install/multi_cam_publisher
[0.037s] -- The C compiler identification is GNU 11.4.0
[0.068s] -- The CXX compiler identification is GNU 11.4.0
[0.072s] -- Detecting C compiler ABI info
[0.123s] -- Detecting C compiler ABI info - done
[0.128s] -- Check for working C compiler: /usr/bin/cc - skipped
[0.128s] -- Detecting C compile features
[0.129s] -- Detecting C compile features - done
[0.130s] -- Detecting CXX compiler ABI info
[0.170s] -- Detecting CXX compiler ABI info - done
[0.175s] -- Check for working CXX compiler: /usr/bin/c++ - skipped
[0.175s] -- Detecting CXX compile features
[0.176s] -- Detecting CXX compile features - done
[0.177s] -- Found ament_cmake: 1.3.14 (/opt/ros/humble/share/ament_cmake/cmake)
[0.251s] -- Found Python3: /usr/bin/python3 (found version "3.10.12") found components: Interpreter 
[0.299s] -- Found rclcpp: 16.0.19 (/opt/ros/humble/share/rclcpp/cmake)
[0.320s] -- Found rosidl_generator_c: 3.1.8 (/opt/ros/humble/share/rosidl_generator_c/cmake)
[0.322s] -- Found rosidl_adapter: 3.1.8 (/opt/ros/humble/share/rosidl_adapter/cmake)
[0.327s] -- Found rosidl_generator_cpp: 3.1.8 (/opt/ros/humble/share/rosidl_generator_cpp/cmake)
[0.334s] -- Using all available rosidl_typesupport_c: rosidl_typesupport_fastrtps_c;rosidl_typesupport_introspection_c
[0.343s] -- Using all available rosidl_typesupport_cpp: rosidl_typesupport_fastrtps_cpp;rosidl_typesupport_introspection_cpp
[0.368s] -- Found rmw_implementation_cmake: 6.1.2 (/opt/ros/humble/share/rmw_implementation_cmake/cmake)
[0.369s] -- Found rmw_cyclonedds_cpp: 1.3.4 (/opt/ros/humble/share/rmw_cyclonedds_cpp/cmake)
[0.381s] -- Using RMW implementation 'rmw_cyclonedds_cpp' as default
[0.386s] -- Looking for pthread.h
[0.430s] -- Looking for pthread.h - found
[0.430s] -- Performing Test CMAKE_HAVE_LIBC_PTHREAD
[0.487s] -- Performing Test CMAKE_HAVE_LIBC_PTHREAD - Success
[0.488s] -- Found Threads: TRUE  
[0.520s] -- Found sensor_msgs: 4.9.1 (/opt/ros/humble/share/sensor_msgs/cmake)
[0.538s] -- Found cv_bridge: 3.2.1 (/opt/ros/humble/share/cv_bridge/cmake)
[0.545s] -- Found image_transport: 3.1.12 (/opt/ros/humble/share/image_transport/cmake)
[0.563s] -- Found OpenCV: /usr (found version "4.5.4") 
[0.600s] -- Configuring done
[0.609s] -- Generating done
[0.611s] -- Build files have been written to: /colcon_ws/build/multi_cam_publisher
[0.616s] Invoked command in '/colcon_ws/build/multi_cam_publisher' returned '0': CMAKE_PREFIX_PATH=/opt/ros/humble /usr/bin/cmake /colcon_ws/src/multi_cam_publisher -DCMAKE_INSTALL_PREFIX=/colcon_ws/install/multi_cam_publisher
[0.617s] Invoking command in '/colcon_ws/build/multi_cam_publisher': CMAKE_PREFIX_PATH=/opt/ros/humble /usr/bin/cmake --build /colcon_ws/build/multi_cam_publisher -- -j28 -l28
[0.641s] [ 33%] [32mBuilding CXX object CMakeFiles/multi_cam_publisher_node.dir/src/multi_cam_node.cpp.o[0m
[0.641s] [ 66%] [32mBuilding CXX object CMakeFiles/multi_cam_publisher_node.dir/src/camera_v4l2.cpp.o[0m
[3.239s] [100%] [32m[1mLinking CXX executable multi_cam_publisher_node[0m
[3.441s] [100%] Built target multi_cam_publisher_node
[3.446s] Invoked command in '/colcon_ws/build/multi_cam_publisher' returned '0': CMAKE_PREFIX_PATH=/opt/ros/humble /usr/bin/cmake --build /colcon_ws/build/multi_cam_publisher -- -j28 -l28
[3.450s] Invoking command in '/colcon_ws/build/multi_cam_publisher': CMAKE_PREFIX_PATH=/opt/ros/humble /usr/bin/cmake --install /colcon_ws/build/multi_cam_publisher
[3.454s] -- Install configuration: ""
[3.454s] -- Installing: /colcon_ws/install/multi_cam_publisher/lib/multi_cam_publisher/multi_cam_publisher_node
[3.454s] -- Set runtime path of "/colcon_ws/install/multi_cam_publisher/lib/multi_cam_publisher/multi_cam_publisher_node" to ""
[3.454s] -- Installing: /colcon_ws/install/multi_cam_publisher/share/ament_index/resource_index/package_run_dependencies/multi_cam_publisher
[3.454s] -- Installing: /colcon_ws/install/multi_cam_publisher/share/ament_index/resource_index/parent_prefix_path/multi_cam_publisher
[3.454s] -- Installing: /colcon_ws/install/multi_cam_publisher/share/multi_cam_publisher/environment/ament_prefix_path.sh
[3.454s] -- Installing: /colcon_ws/install/multi_cam_publisher/share/multi_cam_publisher/environment/ament_prefix_path.dsv
[3.456s] -- Installing: /colcon_ws/install/multi_cam_publisher/share/multi_cam_publisher/environment/path.sh
[3.456s] -- Installing: /colcon_ws/install/multi_cam_publisher/share/multi_cam_publisher/environment/path.dsv
[3.458s] -- Installing: /colcon_ws/install/multi_cam_publisher/share/multi_cam_publisher/local_setup.bash
[3.458s] -- Installing: /colcon_ws/install/multi_cam_publisher/share/multi_cam_publisher/local_setup.sh
[3.459s] -- Installing: /colcon_ws/install/multi_cam_publisher/share/multi_cam_publisher/local_setup.zsh
[3.459s] -- Installing: /colcon_ws/install/multi_cam_publisher/share/multi_cam_publisher/local_setup.dsv
[3.459s] -- Installing: /colcon_ws/install/multi_cam_publisher/share/multi_cam_publisher/package.dsv
[3.459s] -- Installing: /colcon_ws/install/multi_cam_publisher/share/ament_index/resource_index/packages/multi_cam_publisher
[3.459s] -- Installing: /colcon_ws/install/multi_cam_publisher/share/multi_cam_publisher/cmake/multi_cam_publisherConfig.cmake
[3.459s] -- Installing: /colcon_ws/install/multi_cam_publisher/share/multi_cam_publisher/cmake/multi_cam_publisherConfig-version.cmake
[3.459s] -- Installing: /colcon_ws/install/multi_cam_publisher/share/multi_cam_publisher/package.xml
[3.460s] Invoked command in '/colcon_ws/build/multi_cam_publisher' returned '0': CMAKE_PREFIX_PATH=/opt/ros/humble /usr/bin/cmake --install /colcon_ws/build/multi_cam_publisher
