[0.005s] Invoking command in '/colcon_ws/build/multi_cam_publisher': CMAKE_PREFIX_PATH=${CMAKE_PREFIX_PATH}:/opt/ros/humble /usr/bin/cmake /colcon_ws/src/multi_cam_publisher -DCMAKE_INSTALL_PREFIX=/colcon_ws/install/multi_cam_publisher
[0.034s] -- The C compiler identification is GNU 11.4.0
[0.065s] -- The CXX compiler identification is GNU 11.4.0
[0.069s] -- Detecting C compiler ABI info
[0.108s] -- Detecting C compiler ABI info - done
[0.115s] -- Check for working C compiler: /usr/bin/cc - skipped
[0.115s] -- Detecting C compile features
[0.116s] -- Detecting C compile features - done
[0.119s] -- Detecting CXX compiler ABI info
[0.164s] -- Detecting CXX compiler ABI info - done
[0.169s] -- Check for working CXX compiler: /usr/bin/c++ - skipped
[0.169s] -- Detecting CXX compile features
[0.170s] -- Detecting CXX compile features - done
[0.171s] -- Found ament_cmake: 1.3.14 (/opt/ros/humble/share/ament_cmake/cmake)
[0.243s] -- Found Python3: /usr/bin/python3 (found version "3.10.12") found components: Interpreter 
[0.292s] -- Found rclcpp: 16.0.19 (/opt/ros/humble/share/rclcpp/cmake)
[0.313s] -- Found rosidl_generator_c: 3.1.8 (/opt/ros/humble/share/rosidl_generator_c/cmake)
[0.316s] -- Found rosidl_adapter: 3.1.8 (/opt/ros/humble/share/rosidl_adapter/cmake)
[0.321s] -- Found rosidl_generator_cpp: 3.1.8 (/opt/ros/humble/share/rosidl_generator_cpp/cmake)
[0.328s] -- Using all available rosidl_typesupport_c: rosidl_typesupport_fastrtps_c;rosidl_typesupport_introspection_c
[0.337s] -- Using all available rosidl_typesupport_cpp: rosidl_typesupport_fastrtps_cpp;rosidl_typesupport_introspection_cpp
[0.362s] -- Found rmw_implementation_cmake: 6.1.2 (/opt/ros/humble/share/rmw_implementation_cmake/cmake)
[0.363s] -- Found rmw_cyclonedds_cpp: 1.3.4 (/opt/ros/humble/share/rmw_cyclonedds_cpp/cmake)
[0.375s] -- Using RMW implementation 'rmw_cyclonedds_cpp' as default
[0.380s] -- Looking for pthread.h
[0.422s] -- Looking for pthread.h - found
[0.422s] -- Performing Test CMAKE_HAVE_LIBC_PTHREAD
[0.460s] -- Performing Test CMAKE_HAVE_LIBC_PTHREAD - Success
[0.461s] -- Found Threads: TRUE  
[0.491s] -- Found sensor_msgs: 4.9.1 (/opt/ros/humble/share/sensor_msgs/cmake)
[0.513s] -- Found cv_bridge: 3.2.1 (/opt/ros/humble/share/cv_bridge/cmake)
[0.520s] -- Found image_transport: 3.1.12 (/opt/ros/humble/share/image_transport/cmake)
[0.538s] -- Found OpenCV: /usr (found version "4.5.4") 
[0.576s] -- Configuring done
[0.584s] -- Generating done
[0.586s] -- Build files have been written to: /colcon_ws/build/multi_cam_publisher
[0.591s] Invoked command in '/colcon_ws/build/multi_cam_publisher' returned '0': CMAKE_PREFIX_PATH=${CMAKE_PREFIX_PATH}:/opt/ros/humble /usr/bin/cmake /colcon_ws/src/multi_cam_publisher -DCMAKE_INSTALL_PREFIX=/colcon_ws/install/multi_cam_publisher
[0.592s] Invoking command in '/colcon_ws/build/multi_cam_publisher': CMAKE_PREFIX_PATH=${CMAKE_PREFIX_PATH}:/opt/ros/humble /usr/bin/cmake --build /colcon_ws/build/multi_cam_publisher -- -j28 -l28
[0.611s] [35m[1mConsolidate compiler generated dependencies of target multi_cam_publisher_node[0m
[0.623s] [ 33%] [32mBuilding CXX object CMakeFiles/multi_cam_publisher_node.dir/src/multi_cam_node.cpp.o[0m
[3.182s] [ 66%] [32m[1mLinking CXX executable multi_cam_publisher_node[0m
[3.381s] [100%] Built target multi_cam_publisher_node
[3.387s] Invoked command in '/colcon_ws/build/multi_cam_publisher' returned '0': CMAKE_PREFIX_PATH=${CMAKE_PREFIX_PATH}:/opt/ros/humble /usr/bin/cmake --build /colcon_ws/build/multi_cam_publisher -- -j28 -l28
[3.391s] Invoking command in '/colcon_ws/build/multi_cam_publisher': CMAKE_PREFIX_PATH=${CMAKE_PREFIX_PATH}:/opt/ros/humble /usr/bin/cmake --install /colcon_ws/build/multi_cam_publisher
[3.394s] -- Install configuration: ""
[3.394s] -- Installing: /colcon_ws/install/multi_cam_publisher/lib/multi_cam_publisher/multi_cam_publisher_node
[3.395s] -- Set runtime path of "/colcon_ws/install/multi_cam_publisher/lib/multi_cam_publisher/multi_cam_publisher_node" to ""
[3.395s] -- Up-to-date: /colcon_ws/install/multi_cam_publisher/share/ament_index/resource_index/package_run_dependencies/multi_cam_publisher
[3.395s] -- Up-to-date: /colcon_ws/install/multi_cam_publisher/share/ament_index/resource_index/parent_prefix_path/multi_cam_publisher
[3.395s] -- Up-to-date: /colcon_ws/install/multi_cam_publisher/share/multi_cam_publisher/environment/ament_prefix_path.sh
[3.395s] -- Installing: /colcon_ws/install/multi_cam_publisher/share/multi_cam_publisher/environment/ament_prefix_path.dsv
[3.396s] -- Up-to-date: /colcon_ws/install/multi_cam_publisher/share/multi_cam_publisher/environment/path.sh
[3.396s] -- Installing: /colcon_ws/install/multi_cam_publisher/share/multi_cam_publisher/environment/path.dsv
[3.398s] -- Up-to-date: /colcon_ws/install/multi_cam_publisher/share/multi_cam_publisher/local_setup.bash
[3.398s] -- Up-to-date: /colcon_ws/install/multi_cam_publisher/share/multi_cam_publisher/local_setup.sh
[3.398s] -- Up-to-date: /colcon_ws/install/multi_cam_publisher/share/multi_cam_publisher/local_setup.zsh
[3.398s] -- Installing: /colcon_ws/install/multi_cam_publisher/share/multi_cam_publisher/local_setup.dsv
[3.399s] -- Installing: /colcon_ws/install/multi_cam_publisher/share/multi_cam_publisher/package.dsv
[3.399s] -- Up-to-date: /colcon_ws/install/multi_cam_publisher/share/ament_index/resource_index/packages/multi_cam_publisher
[3.399s] -- Up-to-date: /colcon_ws/install/multi_cam_publisher/share/multi_cam_publisher/cmake/multi_cam_publisherConfig.cmake
[3.399s] -- Up-to-date: /colcon_ws/install/multi_cam_publisher/share/multi_cam_publisher/cmake/multi_cam_publisherConfig-version.cmake
[3.399s] -- Up-to-date: /colcon_ws/install/multi_cam_publisher/share/multi_cam_publisher/package.xml
[3.400s] Invoked command in '/colcon_ws/build/multi_cam_publisher' returned '0': CMAKE_PREFIX_PATH=${CMAKE_PREFIX_PATH}:/opt/ros/humble /usr/bin/cmake --install /colcon_ws/build/multi_cam_publisher
