[0.006s] Invoking command in '/colcon_ws/build/multi_cam_publisher': CMAKE_PREFIX_PATH=${CMAKE_PREFIX_PATH}:/opt/ros/humble /usr/bin/cmake /colcon_ws/src/multi_cam_publisher -DCMAKE_INSTALL_PREFIX=/colcon_ws/install/multi_cam_publisher
[0.035s] -- The C compiler identification is GNU 11.4.0
[0.072s] -- The CXX compiler identification is GNU 11.4.0
[0.076s] -- Detecting C compiler ABI info
[0.130s] -- Detecting C compiler ABI info - done
[0.135s] -- Check for working C compiler: /usr/bin/cc - skipped
[0.135s] -- Detecting C compile features
[0.135s] -- Detecting C compile features - done
[0.137s] -- Detecting CXX compiler ABI info
[0.177s] -- Detecting CXX compiler ABI info - done
[0.182s] -- Check for working CXX compiler: /usr/bin/c++ - skipped
[0.182s] -- Detecting CXX compile features
[0.183s] -- Detecting CXX compile features - done
[0.184s] -- Found ament_cmake: 1.3.14 (/opt/ros/humble/share/ament_cmake/cmake)
[0.294s] -- Found Python3: /usr/bin/python3 (found version "3.10.12") found components: Interpreter 
[0.344s] -- Found rclcpp: 16.0.19 (/opt/ros/humble/share/rclcpp/cmake)
[0.366s] -- Found rosidl_generator_c: 3.1.8 (/opt/ros/humble/share/rosidl_generator_c/cmake)
[0.369s] -- Found rosidl_adapter: 3.1.8 (/opt/ros/humble/share/rosidl_adapter/cmake)
[0.373s] -- Found rosidl_generator_cpp: 3.1.8 (/opt/ros/humble/share/rosidl_generator_cpp/cmake)
[0.380s] -- Using all available rosidl_typesupport_c: rosidl_typesupport_fastrtps_c;rosidl_typesupport_introspection_c
[0.390s] -- Using all available rosidl_typesupport_cpp: rosidl_typesupport_fastrtps_cpp;rosidl_typesupport_introspection_cpp
[0.415s] -- Found rmw_implementation_cmake: 6.1.2 (/opt/ros/humble/share/rmw_implementation_cmake/cmake)
[0.416s] -- Found rmw_cyclonedds_cpp: 1.3.4 (/opt/ros/humble/share/rmw_cyclonedds_cpp/cmake)
[0.429s] -- Using RMW implementation 'rmw_cyclonedds_cpp' as default
[0.433s] -- Looking for pthread.h
[0.474s] -- Looking for pthread.h - found
[0.475s] -- Performing Test CMAKE_HAVE_LIBC_PTHREAD
[0.510s] -- Performing Test CMAKE_HAVE_LIBC_PTHREAD - Success
[0.511s] -- Found Threads: TRUE  
[0.542s] -- Found sensor_msgs: 4.9.1 (/opt/ros/humble/share/sensor_msgs/cmake)
[0.561s] -- Found cv_bridge: 3.2.1 (/opt/ros/humble/share/cv_bridge/cmake)
[0.568s] -- Found image_transport: 3.1.12 (/opt/ros/humble/share/image_transport/cmake)
[0.586s] -- Found OpenCV: /usr (found version "4.5.4") 
[0.623s] -- Configuring done
[0.631s] -- Generating done
[0.633s] -- Build files have been written to: /colcon_ws/build/multi_cam_publisher
[0.638s] Invoked command in '/colcon_ws/build/multi_cam_publisher' returned '0': CMAKE_PREFIX_PATH=${CMAKE_PREFIX_PATH}:/opt/ros/humble /usr/bin/cmake /colcon_ws/src/multi_cam_publisher -DCMAKE_INSTALL_PREFIX=/colcon_ws/install/multi_cam_publisher
[0.638s] Invoking command in '/colcon_ws/build/multi_cam_publisher': CMAKE_PREFIX_PATH=${CMAKE_PREFIX_PATH}:/opt/ros/humble /usr/bin/cmake --build /colcon_ws/build/multi_cam_publisher -- -j28 -l28
[0.657s] [35m[1mConsolidate compiler generated dependencies of target multi_cam_publisher_node[0m
[0.670s] [ 33%] [32mBuilding CXX object CMakeFiles/multi_cam_publisher_node.dir/src/camera_v4l2.cpp.o[0m
[1.639s] [ 66%] [32m[1mLinking CXX executable multi_cam_publisher_node[0m
[1.837s] [100%] Built target multi_cam_publisher_node
[1.842s] Invoked command in '/colcon_ws/build/multi_cam_publisher' returned '0': CMAKE_PREFIX_PATH=${CMAKE_PREFIX_PATH}:/opt/ros/humble /usr/bin/cmake --build /colcon_ws/build/multi_cam_publisher -- -j28 -l28
[1.846s] Invoking command in '/colcon_ws/build/multi_cam_publisher': CMAKE_PREFIX_PATH=${CMAKE_PREFIX_PATH}:/opt/ros/humble /usr/bin/cmake --install /colcon_ws/build/multi_cam_publisher
[1.850s] -- Install configuration: ""
[1.850s] -- Installing: /colcon_ws/install/multi_cam_publisher/lib/multi_cam_publisher/multi_cam_publisher_node
[1.850s] -- Set runtime path of "/colcon_ws/install/multi_cam_publisher/lib/multi_cam_publisher/multi_cam_publisher_node" to ""
[1.850s] -- Up-to-date: /colcon_ws/install/multi_cam_publisher/share/ament_index/resource_index/package_run_dependencies/multi_cam_publisher
[1.850s] -- Installing: /colcon_ws/install/multi_cam_publisher/share/ament_index/resource_index/parent_prefix_path/multi_cam_publisher
[1.851s] -- Up-to-date: /colcon_ws/install/multi_cam_publisher/share/multi_cam_publisher/environment/ament_prefix_path.sh
[1.851s] -- Installing: /colcon_ws/install/multi_cam_publisher/share/multi_cam_publisher/environment/ament_prefix_path.dsv
[1.853s] -- Up-to-date: /colcon_ws/install/multi_cam_publisher/share/multi_cam_publisher/environment/path.sh
[1.853s] -- Installing: /colcon_ws/install/multi_cam_publisher/share/multi_cam_publisher/environment/path.dsv
[1.854s] -- Up-to-date: /colcon_ws/install/multi_cam_publisher/share/multi_cam_publisher/local_setup.bash
[1.854s] -- Up-to-date: /colcon_ws/install/multi_cam_publisher/share/multi_cam_publisher/local_setup.sh
[1.854s] -- Up-to-date: /colcon_ws/install/multi_cam_publisher/share/multi_cam_publisher/local_setup.zsh
[1.854s] -- Installing: /colcon_ws/install/multi_cam_publisher/share/multi_cam_publisher/local_setup.dsv
[1.855s] -- Installing: /colcon_ws/install/multi_cam_publisher/share/multi_cam_publisher/package.dsv
[1.855s] -- Up-to-date: /colcon_ws/install/multi_cam_publisher/share/ament_index/resource_index/packages/multi_cam_publisher
[1.855s] -- Up-to-date: /colcon_ws/install/multi_cam_publisher/share/multi_cam_publisher/cmake/multi_cam_publisherConfig.cmake
[1.855s] -- Up-to-date: /colcon_ws/install/multi_cam_publisher/share/multi_cam_publisher/cmake/multi_cam_publisherConfig-version.cmake
[1.855s] -- Up-to-date: /colcon_ws/install/multi_cam_publisher/share/multi_cam_publisher/package.xml
[1.856s] Invoked command in '/colcon_ws/build/multi_cam_publisher' returned '0': CMAKE_PREFIX_PATH=${CMAKE_PREFIX_PATH}:/opt/ros/humble /usr/bin/cmake --install /colcon_ws/build/multi_cam_publisher
