[0.005s] Invoking command in '/colcon_ws/build/multi_cam_publisher': CMAKE_PREFIX_PATH=/opt/ros/humble /usr/bin/cmake /colcon_ws/src/multi_cam_publisher -DCMAKE_INSTALL_PREFIX=/colcon_ws/install/multi_cam_publisher
[0.052s] -- The C compiler identification is GNU 11.4.0
[0.086s] -- The CXX compiler identification is GNU 11.4.0
[0.090s] -- Detecting C compiler ABI info
[0.138s] -- Detecting C compiler ABI info - done
[0.143s] -- Check for working C compiler: /usr/bin/cc - skipped
[0.143s] -- Detecting C compile features
[0.144s] -- Detecting C compile features - done
[0.146s] -- Detecting CXX compiler ABI info
[0.186s] -- Detecting CXX compiler ABI info - done
[0.193s] -- Check for working CXX compiler: /usr/bin/c++ - skipped
[0.194s] -- Detecting CXX compile features
[0.194s] -- Detecting CXX compile features - done
[0.196s] -- Found ament_cmake: 1.3.14 (/opt/ros/humble/share/ament_cmake/cmake)
[0.290s] -- Found Python3: /usr/bin/python3 (found version "3.10.12") found components: Interpreter 
[0.342s] -- Found rclcpp: 16.0.19 (/opt/ros/humble/share/rclcpp/cmake)
[0.363s] -- Found rosidl_generator_c: 3.1.8 (/opt/ros/humble/share/rosidl_generator_c/cmake)
[0.365s] -- Found rosidl_adapter: 3.1.8 (/opt/ros/humble/share/rosidl_adapter/cmake)
[0.370s] -- Found rosidl_generator_cpp: 3.1.8 (/opt/ros/humble/share/rosidl_generator_cpp/cmake)
[0.377s] -- Using all available rosidl_typesupport_c: rosidl_typesupport_fastrtps_c;rosidl_typesupport_introspection_c
[0.386s] -- Using all available rosidl_typesupport_cpp: rosidl_typesupport_fastrtps_cpp;rosidl_typesupport_introspection_cpp
[0.411s] -- Found rmw_implementation_cmake: 6.1.2 (/opt/ros/humble/share/rmw_implementation_cmake/cmake)
[0.412s] -- Found rmw_cyclonedds_cpp: 1.3.4 (/opt/ros/humble/share/rmw_cyclonedds_cpp/cmake)
[0.425s] -- Using RMW implementation 'rmw_cyclonedds_cpp' as default
[0.429s] -- Looking for pthread.h
[0.472s] -- Looking for pthread.h - found
[0.472s] -- Performing Test CMAKE_HAVE_LIBC_PTHREAD
[0.527s] -- Performing Test CMAKE_HAVE_LIBC_PTHREAD - Success
[0.528s] -- Found Threads: TRUE  
[0.559s] -- Found sensor_msgs: 4.9.1 (/opt/ros/humble/share/sensor_msgs/cmake)
[0.578s] -- Found cv_bridge: 3.2.1 (/opt/ros/humble/share/cv_bridge/cmake)
[0.585s] -- Found image_transport: 3.1.12 (/opt/ros/humble/share/image_transport/cmake)
[0.603s] -- Found OpenCV: /usr (found version "4.5.4") 
[0.640s] -- Configuring done
[0.642s] [31mCMake Error at CMakeLists.txt:23 (add_executable):
[0.642s]   Cannot find source file:
[0.642s] 
[0.642s]     src/multi_cam_node.cpp
[0.642s] 
[0.642s]   Tried extensions .c .C .c++ .cc .cpp .cxx .cu .mpp .m .M .mm .ixx .cppm .h
[0.642s]   .hh .h++ .hm .hpp .hxx .in .txx .f .F .for .f77 .f90 .f95 .f03 .hip .ispc
[0.642s] 
[0.642s] [0m
[0.643s] [31mCMake Error at CMakeLists.txt:23 (add_executable):
[0.643s]   No SOURCES given to target: multi_cam_publisher_node
[0.643s] 
[0.643s] [0m
[0.643s] [0mCMake Generate step failed.  Build files cannot be regenerated correctly.[0m
[0.647s] Invoked command in '/colcon_ws/build/multi_cam_publisher' returned '1': CMAKE_PREFIX_PATH=/opt/ros/humble /usr/bin/cmake /colcon_ws/src/multi_cam_publisher -DCMAKE_INSTALL_PREFIX=/colcon_ws/install/multi_cam_publisher
